<?xml version="1.0" encoding="UTF-8"?>
<!-- Generated by org.testng.reporters.JUnitReportReporter -->
<testsuite hostname="UDAY-PC" failures="0" tests="1" name="testCases.TC_001_AccountRegistrationTest" time="9.996" errors="0" timestamp="2023-02-02T10:17:53 IST" skipped="0">
  <testcase classname="testCases.TC_001_AccountRegistrationTest" name="test_account_Registration" time="9.996"/>
  <system-out/>
</testsuite> <!-- testCases.TC_001_AccountRegistrationTest -->
